# JRE version: Java(TM) SE Runtime Environment (18.0.2+9) (build 18.0.2+9-61)
# Java VM: Java HotSpot(TM) 64-Bit Server VM (18.0.2+9-61, mixed mode, emulated-client, sharing, tiered, compressed oops, compressed class ptrs, g1 gc, windows-amd64)
GC Precious Log:
 CardTable entry size: 512
 Card Set container configuration: InlinePtr #cards 4 size 8 Array Of Cards #cards 16 size 48 Howl #buckets 8 coarsen threshold 3686 Howl Bitmap #cards 512 size 80 coarsen threshold 460 Card regions per heap region 1 cards per card region 4096
 CPUs: 4 total, 4 available
 Memory: 16260M
 Large Page Support: Disabled
 NUMA Support: Disabled
 Compressed Oops: Enabled (Zero based)
 Heap Region Size: 2M
 Heap Min Capacity: 8M
 Heap Initial Capacity: 256M
 Heap Max Capacity: 4066M
 Pre-touch: Disabled
 Parallel Workers: 4
 Concurrent Workers: 1
 Concurrent Refinement Workers: 4
 Periodic GC: Disabled
Heap:
 garbage-first heap   total 90112K, used 61835K [0x0000000701e00000, 0x0000000800000000)
  region size 2048K, 22 young (45056K), 4 survivors (8192K)
 Metaspace       used 57252K, committed 57856K, reserved 1114112K
  class space    used 7854K, committed 8128K, reserved 1048576K
GC Heap History (20 events):
Event: 2.691 GC heap before
{Heap before GC invocations=6 (full 0):
 garbage-first heap   total 55296K, used 51182K [0x0000000701e00000, 0x0000000800000000)
  region size 2048K, 23 young (47104K), 3 survivors (6144K)
 Metaspace       used 23795K, committed 24256K, reserved 1114112K
  class space    used 3109K, committed 3328K, reserved 1048576K
}
Event: 2.697 GC heap after
{Heap after GC invocations=7 (full 0):
 garbage-first heap   total 63488K, used 13924K [0x0000000701e00000, 0x0000000800000000)
  region size 2048K, 4 young (8192K), 4 survivors (8192K)
 Metaspace       used 23795K, committed 24256K, reserved 1114112K
  class space    used 3109K, committed 3328K, reserved 1048576K
}
Event: 3.059 GC heap before
{Heap before GC invocations=7 (full 0):
 garbage-first heap   total 63488K, used 40548K [0x0000000701e00000, 0x0000000800000000)
  region size 2048K, 18 young (36864K), 4 survivors (8192K)
 Metaspace       used 26322K, committed 26816K, reserved 1114112K
  class space    used 3508K, committed 3712K, reserved 1048576K
}
Event: 3.066 GC heap after
{Heap after GC invocations=8 (full 0):
 garbage-first heap   total 63488K, used 15500K [0x0000000701e00000, 0x0000000800000000)
  region size 2048K, 2 young (4096K), 2 survivors (4096K)
 Metaspace       used 26322K, committed 26816K, reserved 1114112K
  class space    used 3508K, committed 3712K, reserved 1048576K
}
Event: 3.360 GC heap before
{Heap before GC invocations=8 (full 0):
 garbage-first heap   total 63488K, used 44172K [0x0000000701e00000, 0x0000000800000000)
  region size 2048K, 16 young (32768K), 2 survivors (4096K)
 Metaspace       used 28829K, committed 29376K, reserved 1114112K
  class space    used 3795K, committed 4032K, reserved 1048576K
}
Event: 3.364 GC heap after
{Heap after GC invocations=9 (full 0):
 garbage-first heap   total 63488K, used 17589K [0x0000000701e00000, 0x0000000800000000)
  region size 2048K, 2 young (4096K), 2 survivors (4096K)
 Metaspace       used 28829K, committed 29376K, reserved 1114112K
  class space    used 3795K, committed 4032K, reserved 1048576K
}
Event: 3.666 GC heap before
{Heap before GC invocations=9 (full 0):
 garbage-first heap   total 63488K, used 44213K [0x0000000701e00000, 0x0000000800000000)
  region size 2048K, 15 young (30720K), 2 survivors (4096K)
 Metaspace       used 31368K, committed 31936K, reserved 1114112K
  class space    used 4139K, committed 4416K, reserved 1048576K
}
Event: 3.670 GC heap after
{Heap after GC invocations=10 (full 0):
 garbage-first heap   total 163840K, used 18661K [0x0000000701e00000, 0x0000000800000000)
  region size 2048K, 2 young (4096K), 2 survivors (4096K)
 Metaspace       used 31368K, committed 31936K, reserved 1114112K
  class space    used 4139K, committed 4416K, reserved 1048576K
}
Event: 4.085 GC heap before
{Heap before GC invocations=10 (full 0):
 garbage-first heap   total 163840K, used 57573K [0x0000000701e00000, 0x0000000800000000)
  region size 2048K, 23 young (47104K), 2 survivors (4096K)
 Metaspace       used 35464K, committed 35968K, reserved 1114112K
  class space    used 4671K, committed 4928K, reserved 1048576K
}
Event: 4.088 GC heap after
{Heap after GC invocations=11 (full 0):
 garbage-first heap   total 163840K, used 19276K [0x0000000701e00000, 0x0000000800000000)
  region size 2048K, 2 young (4096K), 2 survivors (4096K)
 Metaspace       used 35464K, committed 35968K, reserved 1114112K
  class space    used 4671K, committed 4928K, reserved 1048576K
}
Event: 4.556 GC heap before
{Heap before GC invocations=12 (full 0):
 garbage-first heap   total 90112K, used 68428K [0x0000000701e00000, 0x0000000800000000)
  region size 2048K, 26 young (53248K), 2 survivors (4096K)
 Metaspace       used 39859K, committed 40448K, reserved 1114112K
  class space    used 5350K, committed 5632K, reserved 1048576K
}
Event: 4.559 GC heap after
{Heap after GC invocations=13 (full 0):
 garbage-first heap   total 90112K, used 20482K [0x0000000701e00000, 0x0000000800000000)
  region size 2048K, 3 young (6144K), 3 survivors (6144K)
 Metaspace       used 39859K, committed 40448K, reserved 1114112K
  class space    used 5350K, committed 5632K, reserved 1048576K
}
Event: 5.005 GC heap before
{Heap before GC invocations=13 (full 0):
 garbage-first heap   total 90112K, used 67586K [0x0000000701e00000, 0x0000000800000000)
  region size 2048K, 26 young (53248K), 3 survivors (6144K)
 Metaspace       used 45255K, committed 45888K, reserved 1114112K
  class space    used 6179K, committed 6464K, reserved 1048576K
}
Event: 5.010 GC heap after
{Heap after GC invocations=14 (full 0):
 garbage-first heap   total 90112K, used 21768K [0x0000000701e00000, 0x0000000800000000)
  region size 2048K, 3 young (6144K), 3 survivors (6144K)
 Metaspace       used 45255K, committed 45888K, reserved 1114112K
  class space    used 6179K, committed 6464K, reserved 1048576K
}
Event: 5.450 GC heap before
{Heap before GC invocations=14 (full 0):
 garbage-first heap   total 90112K, used 68872K [0x0000000701e00000, 0x0000000800000000)
  region size 2048K, 26 young (53248K), 3 survivors (6144K)
 Metaspace       used 49216K, committed 49792K, reserved 1114112K
  class space    used 6779K, committed 7040K, reserved 1048576K
}
Event: 5.454 GC heap after
{Heap after GC invocations=15 (full 0):
 garbage-first heap   total 90112K, used 22552K [0x0000000701e00000, 0x0000000800000000)
  region size 2048K, 3 young (6144K), 3 survivors (6144K)
 Metaspace       used 49216K, committed 49792K, reserved 1114112K
  class space    used 6779K, committed 7040K, reserved 1048576K
}
Event: 5.757 GC heap before
{Heap before GC invocations=15 (full 0):
 garbage-first heap   total 90112K, used 69656K [0x0000000701e00000, 0x0000000800000000)
  region size 2048K, 26 young (53248K), 3 survivors (6144K)
 Metaspace       used 51725K, committed 52288K, reserved 1114112K
  class space    used 7111K, committed 7360K, reserved 1048576K
}
Event: 5.762 GC heap after
{Heap after GC invocations=16 (full 0):
 garbage-first heap   total 90112K, used 24379K [0x0000000701e00000, 0x0000000800000000)
  region size 2048K, 3 young (6144K), 3 survivors (6144K)
 Metaspace       used 51725K, committed 52288K, reserved 1114112K
  class space    used 7111K, committed 7360K, reserved 1048576K
}
Event: 6.261 GC heap before
{Heap before GC invocations=16 (full 0):
 garbage-first heap   total 90112K, used 69435K [0x0000000701e00000, 0x0000000800000000)
  region size 2048K, 25 young (51200K), 3 survivors (6144K)
 Metaspace       used 54663K, committed 55360K, reserved 1114112K
  class space    used 7526K, committed 7872K, reserved 1048576K
}
Event: 6.268 GC heap after
{Heap after GC invocations=17 (full 0):
 garbage-first heap   total 90112K, used 27019K [0x0000000701e00000, 0x0000000800000000)
  region size 2048K, 4 young (8192K), 4 survivors (8192K)
 Metaspace       used 54663K, committed 55360K, reserved 1114112K
  class space    used 7526K, committed 7872K, reserved 1048576K
}

