# JRE version: Java(TM) SE Runtime Environment (18.0.2+9) (build 18.0.2+9-61)
# Java VM: Java HotSpot(TM) 64-Bit Server VM (18.0.2+9-61, mixed mode, emulated-client, sharing, tiered, compressed oops, compressed class ptrs, g1 gc, windows-amd64)
GC Precious Log:
 CardTable entry size: 512
 Card Set container configuration: InlinePtr #cards 4 size 8 Array Of Cards #cards 16 size 48 Howl #buckets 8 coarsen threshold 3686 Howl Bitmap #cards 512 size 80 coarsen threshold 460 Card regions per heap region 1 cards per card region 4096
 CPUs: 4 total, 4 available
 Memory: 16260M
 Large Page Support: Disabled
 NUMA Support: Disabled
 Compressed Oops: Enabled (Zero based)
 Heap Region Size: 2M
 Heap Min Capacity: 8M
 Heap Initial Capacity: 256M
 Heap Max Capacity: 4066M
 Pre-touch: Disabled
 Parallel Workers: 4
 Concurrent Workers: 1
 Concurrent Refinement Workers: 4
 Periodic GC: Disabled
Heap:
 garbage-first heap   total 81920K, used 64217K [0x0000000701e00000, 0x0000000800000000)
  region size 2048K, 19 young (38912K), 3 survivors (6144K)
 Metaspace       used 64396K, committed 65280K, reserved 1114112K
  class space    used 8960K, committed 9408K, reserved 1048576K
GC Heap History (20 events):
Event: 1178.283 GC heap after
{Heap after GC invocations=44 (full 0):
 garbage-first heap   total 81920K, used 33137K [0x0000000701e00000, 0x0000000800000000)
  region size 2048K, 2 young (4096K), 2 survivors (4096K)
 Metaspace       used 63525K, committed 64512K, reserved 1114112K
  class space    used 8875K, committed 9344K, reserved 1048576K
}
Event: 1187.416 GC heap before
{Heap before GC invocations=44 (full 0):
 garbage-first heap   total 81920K, used 65905K [0x0000000701e00000, 0x0000000800000000)
  region size 2048K, 18 young (36864K), 2 survivors (4096K)
 Metaspace       used 63525K, committed 64512K, reserved 1114112K
  class space    used 8875K, committed 9344K, reserved 1048576K
}
Event: 1187.417 GC heap after
{Heap after GC invocations=45 (full 0):
 garbage-first heap   total 81920K, used 33254K [0x0000000701e00000, 0x0000000800000000)
  region size 2048K, 2 young (4096K), 2 survivors (4096K)
 Metaspace       used 63525K, committed 64512K, reserved 1114112K
  class space    used 8875K, committed 9344K, reserved 1048576K
}
Event: 1329.331 GC heap before
{Heap before GC invocations=45 (full 0):
 garbage-first heap   total 81920K, used 63974K [0x0000000701e00000, 0x0000000800000000)
  region size 2048K, 18 young (36864K), 2 survivors (4096K)
 Metaspace       used 63525K, committed 64512K, reserved 1114112K
  class space    used 8875K, committed 9344K, reserved 1048576K
}
Event: 1329.333 GC heap after
{Heap after GC invocations=46 (full 0):
 garbage-first heap   total 81920K, used 33167K [0x0000000701e00000, 0x0000000800000000)
  region size 2048K, 2 young (4096K), 2 survivors (4096K)
 Metaspace       used 63525K, committed 64512K, reserved 1114112K
  class space    used 8875K, committed 9344K, reserved 1048576K
}
Event: 1458.807 GC heap before
{Heap before GC invocations=46 (full 0):
 garbage-first heap   total 81920K, used 65935K [0x0000000701e00000, 0x0000000800000000)
  region size 2048K, 18 young (36864K), 2 survivors (4096K)
 Metaspace       used 63525K, committed 64512K, reserved 1114112K
  class space    used 8875K, committed 9344K, reserved 1048576K
}
Event: 1458.808 GC heap after
{Heap after GC invocations=47 (full 0):
 garbage-first heap   total 81920K, used 33292K [0x0000000701e00000, 0x0000000800000000)
  region size 2048K, 1 young (2048K), 1 survivors (2048K)
 Metaspace       used 63525K, committed 64512K, reserved 1114112K
  class space    used 8875K, committed 9344K, reserved 1048576K
}
Event: 1505.620 GC heap before
{Heap before GC invocations=47 (full 0):
 garbage-first heap   total 81920K, used 70156K [0x0000000701e00000, 0x0000000800000000)
  region size 2048K, 19 young (38912K), 1 survivors (2048K)
 Metaspace       used 63525K, committed 64512K, reserved 1114112K
  class space    used 8875K, committed 9344K, reserved 1048576K
}
Event: 1505.622 GC heap after
{Heap after GC invocations=48 (full 0):
 garbage-first heap   total 81920K, used 33153K [0x0000000701e00000, 0x0000000800000000)
  region size 2048K, 1 young (2048K), 1 survivors (2048K)
 Metaspace       used 63525K, committed 64512K, reserved 1114112K
  class space    used 8875K, committed 9344K, reserved 1048576K
}
Event: 1717.256 GC heap before
{Heap before GC invocations=48 (full 0):
 garbage-first heap   total 81920K, used 70017K [0x0000000701e00000, 0x0000000800000000)
  region size 2048K, 19 young (38912K), 1 survivors (2048K)
 Metaspace       used 63525K, committed 64512K, reserved 1114112K
  class space    used 8875K, committed 9344K, reserved 1048576K
}
Event: 1717.258 GC heap after
{Heap after GC invocations=49 (full 0):
 garbage-first heap   total 81920K, used 33022K [0x0000000701e00000, 0x0000000800000000)
  region size 2048K, 1 young (2048K), 1 survivors (2048K)
 Metaspace       used 63525K, committed 64512K, reserved 1114112K
  class space    used 8875K, committed 9344K, reserved 1048576K
}
Event: 2085.407 GC heap before
{Heap before GC invocations=49 (full 0):
 garbage-first heap   total 81920K, used 53502K [0x0000000701e00000, 0x0000000800000000)
  region size 2048K, 12 young (24576K), 1 survivors (2048K)
 Metaspace       used 63612K, committed 64512K, reserved 1114112K
  class space    used 8896K, committed 9344K, reserved 1048576K
}
Event: 2085.451 GC heap after
{Heap after GC invocations=50 (full 1):
 garbage-first heap   total 81920K, used 23349K [0x0000000701e00000, 0x0000000800000000)
  region size 2048K, 0 young (0K), 0 survivors (0K)
 Metaspace       used 63226K, committed 64512K, reserved 1114112K
  class space    used 8807K, committed 9344K, reserved 1048576K
}
Event: 2086.469 GC heap before
{Heap before GC invocations=50 (full 1):
 garbage-first heap   total 81920K, used 68405K [0x0000000701e00000, 0x0000000800000000)
  region size 2048K, 22 young (45056K), 0 survivors (0K)
 Metaspace       used 63526K, committed 64512K, reserved 1114112K
  class space    used 8859K, committed 9344K, reserved 1048576K
}
Event: 2086.474 GC heap after
{Heap after GC invocations=51 (full 1):
 garbage-first heap   total 81920K, used 28130K [0x0000000701e00000, 0x0000000800000000)
  region size 2048K, 3 young (6144K), 3 survivors (6144K)
 Metaspace       used 63526K, committed 64512K, reserved 1114112K
  class space    used 8859K, committed 9344K, reserved 1048576K
}
Event: 2152.097 GC heap before
{Heap before GC invocations=51 (full 1):
 garbage-first heap   total 81920K, used 62946K [0x0000000701e00000, 0x0000000800000000)
  region size 2048K, 20 young (40960K), 3 survivors (6144K)
 Metaspace       used 63991K, committed 64832K, reserved 1114112K
  class space    used 8919K, committed 9344K, reserved 1048576K
}
Event: 2152.102 GC heap after
{Heap after GC invocations=52 (full 1):
 garbage-first heap   total 81920K, used 30389K [0x0000000701e00000, 0x0000000800000000)
  region size 2048K, 2 young (4096K), 2 survivors (4096K)
 Metaspace       used 63991K, committed 64832K, reserved 1114112K
  class space    used 8919K, committed 9344K, reserved 1048576K
}
Event: 2152.738 GC heap before
{Heap before GC invocations=52 (full 1):
 garbage-first heap   total 81920K, used 63157K [0x0000000701e00000, 0x0000000800000000)
  region size 2048K, 18 young (36864K), 2 survivors (4096K)
 Metaspace       used 64167K, committed 65024K, reserved 1114112K
  class space    used 8941K, committed 9344K, reserved 1048576K
}
Event: 2152.741 GC heap after
{Heap after GC invocations=53 (full 1):
 garbage-first heap   total 81920K, used 31449K [0x0000000701e00000, 0x0000000800000000)
  region size 2048K, 2 young (4096K), 2 survivors (4096K)
 Metaspace       used 64167K, committed 65024K, reserved 1114112K
  class space    used 8941K, committed 9344K, reserved 1048576K
}
Event: 2264.582 GC heap before
{Heap before GC invocations=53 (full 1):
 garbage-first heap   total 81920K, used 64217K [0x0000000701e00000, 0x0000000800000000)
  region size 2048K, 18 young (36864K), 2 survivors (4096K)
 Metaspace       used 64396K, committed 65280K, reserved 1114112K
  class space    used 8960K, committed 9408K, reserved 1048576K
}

